{"C:\\Third year study material\\judaica-final-project\\client\\src\\components\\ProtectedRoute.jsx": {"path":"C:\\Third year study material\\judaica-final-project\\client\\src\\components\\ProtectedRoute.jsx","statementMap":{"0":{"start":{"line":5,"column":10},"end":{"line":5,"column":28}},"1":{"start":{"line":7,"column":2},"end":{"line":8,"column":null}},"2":{"start":{"line":8,"column":4},"end":{"line":8,"column":null}},"3":{"start":{"line":11,"column":2},"end":{"line":12,"column":null}},"4":{"start":{"line":12,"column":4},"end":{"line":12,"column":null}},"5":{"start":{"line":15,"column":2},"end":{"line":15,"column":null}}},"fnMap":{"0":{"name":"ProtectedRoute","decl":{"start":{"line":4,"column":9},"end":{"line":4,"column":24}},"loc":{"start":{"line":4,"column":52},"end":{"line":15,"column":null}},"line":4}},"branchMap":{"0":{"loc":{"start":{"line":7,"column":2},"end":{"line":8,"column":null}},"type":"if","locations":[{"start":{"line":7,"column":2},"end":{"line":8,"column":null}},{"start":{},"end":{}}],"line":7},"1":{"loc":{"start":{"line":11,"column":2},"end":{"line":12,"column":null}},"type":"if","locations":[{"start":{"line":11,"column":2},"end":{"line":12,"column":null}},{"start":{},"end":{}}],"line":11},"2":{"loc":{"start":{"line":11,"column":6},"end":{"line":11,"column":55}},"type":"binary-expr","locations":[{"start":{"line":11,"column":6},"end":{"line":11,"column":22}},{"start":{"line":11,"column":22},"end":{"line":11,"column":55}}],"line":11}},"s":{"0":1,"1":1,"2":0,"3":1,"4":1,"5":0},"f":{"0":1},"b":{"0":[0,1],"1":[1,0],"2":[1,1]},"meta":{"lastBranch":3,"lastFunction":1,"lastStatement":6,"seen":{"f:4:9:4:24":0,"s:5:10:5:28":0,"b:7:2:8:Infinity:undefined:undefined:undefined:undefined":0,"s:7:2:8:Infinity":1,"s:8:4:8:Infinity":2,"b:11:2:12:Infinity:undefined:undefined:undefined:undefined":1,"s:11:2:12:Infinity":3,"b:11:6:11:22:11:22:11:55":2,"s:12:4:12:Infinity":4,"s:15:2:15:Infinity":5},"fnNames":{}}}
,"C:\\Third year study material\\judaica-final-project\\client\\src\\context\\CartContext.jsx": {"path":"C:\\Third year study material\\judaica-final-project\\client\\src\\context\\CartContext.jsx","statementMap":{"0":{"start":{"line":3,"column":6},"end":{"line":3,"column":35}},"1":{"start":{"line":6,"column":20},"end":{"line":23,"column":null}},"2":{"start":{"line":7,"column":22},"end":{"line":7,"column":50}},"3":{"start":{"line":9,"column":4},"end":{"line":9,"column":null}},"4":{"start":{"line":9,"column":20},"end":{"line":9,"column":null}},"5":{"start":{"line":11,"column":4},"end":{"line":21,"column":null}},"6":{"start":{"line":12,"column":25},"end":{"line":12,"column":46}},"7":{"start":{"line":14,"column":6},"end":{"line":19,"column":null}},"8":{"start":{"line":16,"column":10},"end":{"line":18,"column":null}},"9":{"start":{"line":21,"column":6},"end":{"line":21,"column":null}},"10":{"start":{"line":25,"column":2},"end":{"line":27,"column":null}},"11":{"start":{"line":26,"column":4},"end":{"line":26,"column":null}},"12":{"start":{"line":29,"column":8},"end":{"line":52,"column":null}},"13":{"start":{"line":30,"column":4},"end":{"line":52,"column":null}},"14":{"start":{"line":31,"column":27},"end":{"line":32,"column":null}},"15":{"start":{"line":32,"column":18},"end":{"line":32,"column":null}},"16":{"start":{"line":35,"column":6},"end":{"line":44,"column":null}},"17":{"start":{"line":36,"column":8},"end":{"line":37,"column":null}},"18":{"start":{"line":37,"column":10},"end":{"line":37,"column":null}},"19":{"start":{"line":40,"column":8},"end":{"line":44,"column":null}},"20":{"start":{"line":41,"column":10},"end":{"line":43,"column":null}},"21":{"start":{"line":47,"column":6},"end":{"line":48,"column":null}},"22":{"start":{"line":48,"column":8},"end":{"line":48,"column":null}},"23":{"start":{"line":51,"column":6},"end":{"line":51,"column":null}},"24":{"start":{"line":55,"column":8},"end":{"line":80,"column":null}},"25":{"start":{"line":56,"column":4},"end":{"line":80,"column":null}},"26":{"start":{"line":57,"column":6},"end":{"line":79,"column":null}},"27":{"start":{"line":58,"column":8},"end":{"line":59,"column":null}},"28":{"start":{"line":59,"column":10},"end":{"line":59,"column":null}},"29":{"start":{"line":62,"column":8},"end":{"line":72,"column":null}},"30":{"start":{"line":64,"column":10},"end":{"line":66,"column":null}},"31":{"start":{"line":68,"column":10},"end":{"line":70,"column":null}},"32":{"start":{"line":69,"column":14},"end":{"line":69,"column":null}},"33":{"start":{"line":72,"column":10},"end":{"line":72,"column":null}},"34":{"start":{"line":75,"column":8},"end":{"line":78,"column":null}},"35":{"start":{"line":83,"column":8},"end":{"line":92,"column":null}},"36":{"start":{"line":84,"column":4},"end":{"line":92,"column":null}},"37":{"start":{"line":85,"column":6},"end":{"line":91,"column":44}},"38":{"start":{"line":87,"column":10},"end":{"line":89,"column":null}},"39":{"start":{"line":91,"column":26},"end":{"line":91,"column":44}},"40":{"start":{"line":95,"column":8},"end":{"line":98,"column":null}},"41":{"start":{"line":96,"column":4},"end":{"line":98,"column":null}},"42":{"start":{"line":97,"column":6},"end":{"line":97,"column":59}},"43":{"start":{"line":97,"column":28},"end":{"line":97,"column":59}},"44":{"start":{"line":101,"column":8},"end":{"line":102,"column":null}},"45":{"start":{"line":102,"column":4},"end":{"line":102,"column":null}},"46":{"start":{"line":105,"column":2},"end":{"line":117,"column":null}},"47":{"start":{"line":122,"column":2},"end":{"line":122,"column":null}}},"fnMap":{"0":{"name":"CartProvider","decl":{"start":{"line":5,"column":16},"end":{"line":5,"column":29}},"loc":{"start":{"line":5,"column":43},"end":{"line":117,"column":null}},"line":5},"1":{"name":"(anonymous_1)","decl":{"start":{"line":6,"column":36},"end":{"line":6,"column":51}},"loc":{"start":{"line":6,"column":51},"end":{"line":23,"column":null}},"line":6},"2":{"name":"(anonymous_2)","decl":{"start":{"line":14,"column":24},"end":{"line":14,"column":null}},"loc":{"start":{"line":16,"column":10},"end":{"line":18,"column":null}},"line":16},"3":{"name":"(anonymous_3)","decl":{"start":{"line":25,"column":2},"end":{"line":25,"column":18}},"loc":{"start":{"line":25,"column":18},"end":{"line":27,"column":6}},"line":25},"4":{"name":"(anonymous_4)","decl":{"start":{"line":29,"column":8},"end":{"line":29,"column":21}},"loc":{"start":{"line":29,"column":33},"end":{"line":52,"column":null}},"line":29},"5":{"name":"(anonymous_5)","decl":{"start":{"line":30,"column":4},"end":{"line":30,"column":18}},"loc":{"start":{"line":30,"column":27},"end":{"line":52,"column":null}},"line":30},"6":{"name":"(anonymous_6)","decl":{"start":{"line":31,"column":32},"end":{"line":31,"column":null}},"loc":{"start":{"line":32,"column":18},"end":{"line":32,"column":null}},"line":32},"7":{"name":"(anonymous_7)","decl":{"start":{"line":40,"column":20},"end":{"line":40,"column":25}},"loc":{"start":{"line":41,"column":10},"end":{"line":43,"column":null}},"line":41},"8":{"name":"(anonymous_8)","decl":{"start":{"line":55,"column":8},"end":{"line":55,"column":28}},"loc":{"start":{"line":55,"column":42},"end":{"line":80,"column":null}},"line":55},"9":{"name":"(anonymous_9)","decl":{"start":{"line":56,"column":4},"end":{"line":56,"column":18}},"loc":{"start":{"line":57,"column":6},"end":{"line":79,"column":null}},"line":57},"10":{"name":"(anonymous_10)","decl":{"start":{"line":57,"column":11},"end":{"line":57,"column":16}},"loc":{"start":{"line":57,"column":25},"end":{"line":79,"column":null}},"line":57},"11":{"name":"(anonymous_11)","decl":{"start":{"line":68,"column":10},"end":{"line":68,"column":27}},"loc":{"start":{"line":68,"column":27},"end":{"line":70,"column":18}},"line":68},"12":{"name":"(anonymous_12)","decl":{"start":{"line":83,"column":8},"end":{"line":83,"column":28}},"loc":{"start":{"line":83,"column":42},"end":{"line":92,"column":null}},"line":83},"13":{"name":"(anonymous_13)","decl":{"start":{"line":84,"column":4},"end":{"line":84,"column":18}},"loc":{"start":{"line":85,"column":6},"end":{"line":91,"column":44}},"line":85},"14":{"name":"(anonymous_14)","decl":{"start":{"line":86,"column":9},"end":{"line":86,"column":14}},"loc":{"start":{"line":87,"column":10},"end":{"line":89,"column":null}},"line":87},"15":{"name":"(anonymous_15)","decl":{"start":{"line":91,"column":9},"end":{"line":91,"column":17}},"loc":{"start":{"line":91,"column":26},"end":{"line":91,"column":44}},"line":91},"16":{"name":"(anonymous_16)","decl":{"start":{"line":95,"column":8},"end":{"line":95,"column":26}},"loc":{"start":{"line":95,"column":40},"end":{"line":98,"column":null}},"line":95},"17":{"name":"(anonymous_17)","decl":{"start":{"line":96,"column":4},"end":{"line":96,"column":18}},"loc":{"start":{"line":97,"column":6},"end":{"line":97,"column":59}},"line":97},"18":{"name":"(anonymous_18)","decl":{"start":{"line":97,"column":11},"end":{"line":97,"column":19}},"loc":{"start":{"line":97,"column":28},"end":{"line":97,"column":59}},"line":97},"19":{"name":"(anonymous_19)","decl":{"start":{"line":101,"column":8},"end":{"line":101,"column":26}},"loc":{"start":{"line":101,"column":26},"end":{"line":102,"column":null}},"line":101},"20":{"name":"useCart","decl":{"start":{"line":121,"column":16},"end":{"line":121,"column":26}},"loc":{"start":{"line":121,"column":26},"end":{"line":122,"column":null}},"line":121}},"branchMap":{"0":{"loc":{"start":{"line":9,"column":4},"end":{"line":9,"column":null}},"type":"if","locations":[{"start":{"line":9,"column":4},"end":{"line":9,"column":null}},{"start":{},"end":{}}],"line":9},"1":{"loc":{"start":{"line":16,"column":10},"end":{"line":18,"column":null}},"type":"binary-expr","locations":[{"start":{"line":16,"column":10},"end":{"line":16,"column":null}},{"start":{"line":17,"column":10},"end":{"line":17,"column":null}},{"start":{"line":18,"column":10},"end":{"line":18,"column":null}}],"line":16},"2":{"loc":{"start":{"line":35,"column":6},"end":{"line":44,"column":null}},"type":"if","locations":[{"start":{"line":35,"column":6},"end":{"line":44,"column":null}},{"start":{},"end":{}}],"line":35},"3":{"loc":{"start":{"line":36,"column":8},"end":{"line":37,"column":null}},"type":"if","locations":[{"start":{"line":36,"column":8},"end":{"line":37,"column":null}},{"start":{},"end":{}}],"line":36},"4":{"loc":{"start":{"line":41,"column":10},"end":{"line":43,"column":null}},"type":"cond-expr","locations":[{"start":{"line":42,"column":14},"end":{"line":42,"column":null}},{"start":{"line":43,"column":14},"end":{"line":43,"column":null}}],"line":41},"5":{"loc":{"start":{"line":47,"column":6},"end":{"line":48,"column":null}},"type":"if","locations":[{"start":{"line":47,"column":6},"end":{"line":48,"column":null}},{"start":{},"end":{}}],"line":47},"6":{"loc":{"start":{"line":58,"column":8},"end":{"line":59,"column":null}},"type":"if","locations":[{"start":{"line":58,"column":8},"end":{"line":59,"column":null}},{"start":{},"end":{}}],"line":58},"7":{"loc":{"start":{"line":62,"column":8},"end":{"line":72,"column":null}},"type":"if","locations":[{"start":{"line":62,"column":8},"end":{"line":72,"column":null}},{"start":{},"end":{}}],"line":62},"8":{"loc":{"start":{"line":87,"column":10},"end":{"line":89,"column":null}},"type":"cond-expr","locations":[{"start":{"line":88,"column":14},"end":{"line":88,"column":null}},{"start":{"line":89,"column":14},"end":{"line":89,"column":null}}],"line":87}},"s":{"0":1,"1":5,"2":2,"3":2,"4":2,"5":0,"6":0,"7":0,"8":0,"9":0,"10":5,"11":5,"12":5,"13":2,"14":2,"15":0,"16":2,"17":0,"18":0,"19":0,"20":0,"21":2,"22":0,"23":2,"24":5,"25":0,"26":0,"27":0,"28":0,"29":0,"30":0,"31":0,"32":0,"33":0,"34":0,"35":5,"36":0,"37":0,"38":0,"39":0,"40":5,"41":1,"42":1,"43":1,"44":5,"45":0,"46":5,"47":5},"f":{"0":5,"1":2,"2":0,"3":5,"4":2,"5":2,"6":0,"7":0,"8":0,"9":0,"10":0,"11":0,"12":0,"13":0,"14":0,"15":0,"16":1,"17":1,"18":1,"19":0,"20":5},"b":{"0":[2,0],"1":[0,0,0],"2":[0,2],"3":[0,0],"4":[0,0],"5":[0,2],"6":[0,0],"7":[0,0],"8":[0,0]},"meta":{"lastBranch":9,"lastFunction":21,"lastStatement":48,"seen":{"s:3:6:3:35":0,"f:5:16:5:29":0,"s:6:20:23:Infinity":1,"f:6:36:6:51":1,"s:7:22:7:50":2,"b:9:4:9:Infinity:undefined:undefined:undefined:undefined":0,"s:9:4:9:Infinity":3,"s:9:20:9:Infinity":4,"s:11:4:21:Infinity":5,"s:12:25:12:46":6,"s:14:6:19:Infinity":7,"f:14:24:14:Infinity":2,"s:16:10:18:Infinity":8,"b:16:10:16:Infinity:17:10:17:Infinity:18:10:18:Infinity":1,"s:21:6:21:Infinity":9,"s:25:2:27:Infinity":10,"f:25:2:25:18":3,"s:26:4:26:Infinity":11,"s:29:8:52:Infinity":12,"f:29:8:29:21":4,"s:30:4:52:Infinity":13,"f:30:4:30:18":5,"s:31:27:32:Infinity":14,"f:31:32:31:Infinity":6,"s:32:18:32:Infinity":15,"b:35:6:44:Infinity:undefined:undefined:undefined:undefined":2,"s:35:6:44:Infinity":16,"b:36:8:37:Infinity:undefined:undefined:undefined:undefined":3,"s:36:8:37:Infinity":17,"s:37:10:37:Infinity":18,"s:40:8:44:Infinity":19,"f:40:20:40:25":7,"s:41:10:43:Infinity":20,"b:42:14:42:Infinity:43:14:43:Infinity":4,"b:47:6:48:Infinity:undefined:undefined:undefined:undefined":5,"s:47:6:48:Infinity":21,"s:48:8:48:Infinity":22,"s:51:6:51:Infinity":23,"s:55:8:80:Infinity":24,"f:55:8:55:28":8,"s:56:4:80:Infinity":25,"f:56:4:56:18":9,"s:57:6:79:Infinity":26,"f:57:11:57:16":10,"b:58:8:59:Infinity:undefined:undefined:undefined:undefined":6,"s:58:8:59:Infinity":27,"s:59:10:59:Infinity":28,"b:62:8:72:Infinity:undefined:undefined:undefined:undefined":7,"s:62:8:72:Infinity":29,"s:64:10:66:Infinity":30,"s:68:10:70:Infinity":31,"f:68:10:68:27":11,"s:69:14:69:Infinity":32,"s:72:10:72:Infinity":33,"s:75:8:78:Infinity":34,"s:83:8:92:Infinity":35,"f:83:8:83:28":12,"s:84:4:92:Infinity":36,"f:84:4:84:18":13,"s:85:6:91:44":37,"f:86:9:86:14":14,"s:87:10:89:Infinity":38,"b:88:14:88:Infinity:89:14:89:Infinity":8,"f:91:9:91:17":15,"s:91:26:91:44":39,"s:95:8:98:Infinity":40,"f:95:8:95:26":16,"s:96:4:98:Infinity":41,"f:96:4:96:18":17,"s:97:6:97:59":42,"f:97:11:97:19":18,"s:97:28:97:59":43,"s:101:8:102:Infinity":44,"f:101:8:101:26":19,"s:102:4:102:Infinity":45,"s:105:2:117:Infinity":46,"f:121:16:121:26":20,"s:122:2:122:Infinity":47},"fnNames":{}}}
,"C:\\Third year study material\\judaica-final-project\\client\\src\\context\\WishlistContext.jsx": {"path":"C:\\Third year study material\\judaica-final-project\\client\\src\\context\\WishlistContext.jsx","statementMap":{"0":{"start":{"line":9,"column":6},"end":{"line":9,"column":39}},"1":{"start":{"line":10,"column":13},"end":{"line":56,"column":null}},"2":{"start":{"line":11,"column":12},"end":{"line":11,"column":30}},"3":{"start":{"line":12,"column":26},"end":{"line":12,"column":58}},"4":{"start":{"line":14,"column":4},"end":{"line":29,"column":null}},"5":{"start":{"line":15,"column":29},"end":{"line":25,"column":null}},"6":{"start":{"line":16,"column":12},"end":{"line":18,"column":null}},"7":{"start":{"line":17,"column":16},"end":{"line":17,"column":null}},"8":{"start":{"line":18,"column":16},"end":{"line":18,"column":null}},"9":{"start":{"line":20,"column":12},"end":{"line":25,"column":null}},"10":{"start":{"line":21,"column":29},"end":{"line":21,"column":48}},"11":{"start":{"line":22,"column":16},"end":{"line":22,"column":null}},"12":{"start":{"line":25,"column":16},"end":{"line":25,"column":null}},"13":{"start":{"line":28,"column":8},"end":{"line":28,"column":null}},"14":{"start":{"line":31,"column":30},"end":{"line":33,"column":null}},"15":{"start":{"line":32,"column":21},"end":{"line":32,"column":51}},"16":{"start":{"line":33,"column":8},"end":{"line":33,"column":null}},"17":{"start":{"line":36,"column":35},"end":{"line":38,"column":null}},"18":{"start":{"line":37,"column":21},"end":{"line":37,"column":56}},"19":{"start":{"line":38,"column":8},"end":{"line":38,"column":null}},"20":{"start":{"line":41,"column":10},"end":{"line":42,"column":null}},"21":{"start":{"line":42,"column":8},"end":{"line":42,"column":null}},"22":{"start":{"line":42,"column":44},"end":{"line":42,"column":67}},"23":{"start":{"line":46,"column":4},"end":{"line":56,"column":null}},"24":{"start":{"line":60,"column":13},"end":{"line":61,"column":null}},"25":{"start":{"line":61,"column":4},"end":{"line":61,"column":null}}},"fnMap":{"0":{"name":"(anonymous_0)","decl":{"start":{"line":10,"column":13},"end":{"line":10,"column":33}},"loc":{"start":{"line":10,"column":50},"end":{"line":56,"column":null}},"line":10},"1":{"name":"(anonymous_1)","decl":{"start":{"line":14,"column":4},"end":{"line":14,"column":20}},"loc":{"start":{"line":14,"column":20},"end":{"line":29,"column":8}},"line":14},"2":{"name":"(anonymous_2)","decl":{"start":{"line":15,"column":29},"end":{"line":15,"column":41}},"loc":{"start":{"line":15,"column":41},"end":{"line":25,"column":null}},"line":15},"3":{"name":"(anonymous_3)","decl":{"start":{"line":31,"column":30},"end":{"line":31,"column":37}},"loc":{"start":{"line":31,"column":51},"end":{"line":33,"column":null}},"line":31},"4":{"name":"(anonymous_4)","decl":{"start":{"line":36,"column":35},"end":{"line":36,"column":42}},"loc":{"start":{"line":36,"column":56},"end":{"line":38,"column":null}},"line":36},"5":{"name":"(anonymous_5)","decl":{"start":{"line":41,"column":10},"end":{"line":41,"column":26}},"loc":{"start":{"line":41,"column":40},"end":{"line":42,"column":null}},"line":41},"6":{"name":"(anonymous_6)","decl":{"start":{"line":42,"column":29},"end":{"line":42,"column":35}},"loc":{"start":{"line":42,"column":44},"end":{"line":42,"column":67}},"line":42},"7":{"name":"(anonymous_7)","decl":{"start":{"line":60,"column":13},"end":{"line":60,"column":33}},"loc":{"start":{"line":60,"column":33},"end":{"line":61,"column":null}},"line":60}},"branchMap":{"0":{"loc":{"start":{"line":16,"column":12},"end":{"line":18,"column":null}},"type":"if","locations":[{"start":{"line":16,"column":12},"end":{"line":18,"column":null}},{"start":{},"end":{}}],"line":16}},"s":{"0":1,"1":1,"2":3,"3":3,"4":3,"5":1,"6":1,"7":0,"8":0,"9":1,"10":1,"11":1,"12":0,"13":1,"14":3,"15":1,"16":1,"17":3,"18":0,"19":0,"20":3,"21":3,"22":3,"23":3,"24":1,"25":3},"f":{"0":3,"1":1,"2":1,"3":1,"4":0,"5":3,"6":3,"7":3},"b":{"0":[0,1]},"meta":{"lastBranch":1,"lastFunction":8,"lastStatement":26,"seen":{"s:9:6:9:39":0,"s:10:13:56:Infinity":1,"f:10:13:10:33":0,"s:11:12:11:30":2,"s:12:26:12:58":3,"s:14:4:29:Infinity":4,"f:14:4:14:20":1,"s:15:29:25:Infinity":5,"f:15:29:15:41":2,"b:16:12:18:Infinity:undefined:undefined:undefined:undefined":0,"s:16:12:18:Infinity":6,"s:17:16:17:Infinity":7,"s:18:16:18:Infinity":8,"s:20:12:25:Infinity":9,"s:21:29:21:48":10,"s:22:16:22:Infinity":11,"s:25:16:25:Infinity":12,"s:28:8:28:Infinity":13,"s:31:30:33:Infinity":14,"f:31:30:31:37":3,"s:32:21:32:51":15,"s:33:8:33:Infinity":16,"s:36:35:38:Infinity":17,"f:36:35:36:42":4,"s:37:21:37:56":18,"s:38:8:38:Infinity":19,"s:41:10:42:Infinity":20,"f:41:10:41:26":5,"s:42:8:42:Infinity":21,"f:42:29:42:35":6,"s:42:44:42:67":22,"s:46:4:56:Infinity":23,"s:60:13:61:Infinity":24,"f:60:13:60:33":7,"s:61:4:61:Infinity":25},"fnNames":{}}}
,"C:\\Third year study material\\judaica-final-project\\client\\src\\pages\\OrderConfirmationPage.jsx": {"path":"C:\\Third year study material\\judaica-final-project\\client\\src\\pages\\OrderConfirmationPage.jsx","statementMap":{"0":{"start":{"line":9,"column":10},"end":{"line":9,"column":34}},"1":{"start":{"line":10,"column":10},"end":{"line":10,"column":34}},"2":{"start":{"line":12,"column":12},"end":{"line":12,"column":35}},"3":{"start":{"line":14,"column":22},"end":{"line":14,"column":null}},"4":{"start":{"line":16,"column":4},"end":{"line":23,"column":null}},"5":{"start":{"line":17,"column":8},"end":{"line":23,"column":null}},"6":{"start":{"line":21,"column":39},"end":{"line":21,"column":56}},"7":{"start":{"line":28,"column":32},"end":{"line":44,"column":null}},"8":{"start":{"line":29,"column":8},"end":{"line":44,"column":null}},"9":{"start":{"line":30,"column":12},"end":{"line":30,"column":null}},"10":{"start":{"line":32,"column":12},"end":{"line":32,"column":null}},"11":{"start":{"line":34,"column":12},"end":{"line":34,"column":null}},"12":{"start":{"line":36,"column":12},"end":{"line":36,"column":null}},"13":{"start":{"line":39,"column":12},"end":{"line":39,"column":null}},"14":{"start":{"line":41,"column":12},"end":{"line":44,"column":null}},"15":{"start":{"line":48,"column":4},"end":{"line":133,"column":null}},"16":{"start":{"line":127,"column":29},"end":{"line":127,"column":46}}},"fnMap":{"0":{"name":"OrderConfirmationPage","decl":{"start":{"line":7,"column":9},"end":{"line":7,"column":33}},"loc":{"start":{"line":7,"column":33},"end":{"line":133,"column":null}},"line":7},"1":{"name":"(anonymous_1)","decl":{"start":{"line":21,"column":24},"end":{"line":21,"column":39}},"loc":{"start":{"line":21,"column":39},"end":{"line":21,"column":56}},"line":21},"2":{"name":"(anonymous_2)","decl":{"start":{"line":28,"column":32},"end":{"line":28,"column":44}},"loc":{"start":{"line":28,"column":44},"end":{"line":44,"column":null}},"line":28},"3":{"name":"(anonymous_3)","decl":{"start":{"line":127,"column":14},"end":{"line":127,"column":29}},"loc":{"start":{"line":127,"column":29},"end":{"line":127,"column":46}},"line":127}},"branchMap":{"0":{"loc":{"start":{"line":16,"column":4},"end":{"line":23,"column":null}},"type":"if","locations":[{"start":{"line":16,"column":4},"end":{"line":23,"column":null}},{"start":{},"end":{}}],"line":16},"1":{"loc":{"start":{"line":42,"column":16},"end":{"line":43,"column":null}},"type":"binary-expr","locations":[{"start":{"line":42,"column":16},"end":{"line":42,"column":null}},{"start":{"line":43,"column":16},"end":{"line":43,"column":null}}],"line":42},"2":{"loc":{"start":{"line":76,"column":13},"end":{"line":87,"column":null}},"type":"binary-expr","locations":[{"start":{"line":76,"column":13},"end":{"line":76,"column":null}},{"start":{"line":77,"column":14},"end":{"line":87,"column":null}}],"line":76}},"s":{"0":1,"1":1,"2":1,"3":1,"4":1,"5":0,"6":0,"7":1,"8":1,"9":1,"10":1,"11":1,"12":1,"13":0,"14":0,"15":1,"16":0},"f":{"0":1,"1":0,"2":1,"3":0},"b":{"0":[0,1],"1":[0,0],"2":[1,1]},"meta":{"lastBranch":3,"lastFunction":4,"lastStatement":17,"seen":{"f:7:9:7:33":0,"s:9:10:9:34":0,"s:10:10:10:34":1,"s:12:12:12:35":2,"s:14:22:14:Infinity":3,"b:16:4:23:Infinity:undefined:undefined:undefined:undefined":0,"s:16:4:23:Infinity":4,"s:17:8:23:Infinity":5,"f:21:24:21:39":1,"s:21:39:21:56":6,"s:28:32:44:Infinity":7,"f:28:32:28:44":2,"s:29:8:44:Infinity":8,"s:30:12:30:Infinity":9,"s:32:12:32:Infinity":10,"s:34:12:34:Infinity":11,"s:36:12:36:Infinity":12,"s:39:12:39:Infinity":13,"s:41:12:44:Infinity":14,"b:42:16:42:Infinity:43:16:43:Infinity":1,"s:48:4:133:Infinity":15,"b:76:13:76:Infinity:77:14:87:Infinity":2,"f:127:14:127:29":3,"s:127:29:127:46":16},"fnNames":{}}}
,"C:\\Third year study material\\judaica-final-project\\client\\src\\pages\\ProductsPage.jsx": {"path":"C:\\Third year study material\\judaica-final-project\\client\\src\\pages\\ProductsPage.jsx","statementMap":{"0":{"start":{"line":6,"column":19},"end":{"line":6,"column":46}},"1":{"start":{"line":7,"column":21},"end":{"line":7,"column":50}},"2":{"start":{"line":8,"column":27},"end":{"line":8,"column":65}},"3":{"start":{"line":10,"column":19},"end":{"line":10,"column":46}},"4":{"start":{"line":11,"column":19},"end":{"line":11,"column":46}},"5":{"start":{"line":13,"column":2},"end":{"line":24,"column":null}},"6":{"start":{"line":14,"column":26},"end":{"line":19,"column":null}},"7":{"start":{"line":15,"column":6},"end":{"line":19,"column":null}},"8":{"start":{"line":16,"column":21},"end":{"line":16,"column":40}},"9":{"start":{"line":17,"column":8},"end":{"line":17,"column":null}},"10":{"start":{"line":19,"column":8},"end":{"line":19,"column":null}},"11":{"start":{"line":23,"column":4},"end":{"line":23,"column":null}},"12":{"start":{"line":26,"column":21},"end":{"line":28,"column":null}},"13":{"start":{"line":28,"column":40},"end":{"line":28,"column":57}},"14":{"start":{"line":31,"column":27},"end":{"line":51,"column":null}},"15":{"start":{"line":32,"column":17},"end":{"line":32,"column":41}},"16":{"start":{"line":35,"column":6},"end":{"line":36,"column":55}},"17":{"start":{"line":39,"column":6},"end":{"line":39,"column":null}},"18":{"start":{"line":41,"column":18},"end":{"line":41,"column":39}},"19":{"start":{"line":43,"column":28},"end":{"line":43,"column":72}},"20":{"start":{"line":45,"column":29},"end":{"line":45,"column":73}},"21":{"start":{"line":49,"column":4},"end":{"line":49,"column":null}},"22":{"start":{"line":53,"column":2},"end":{"line":99,"column":null}},"23":{"start":{"line":62,"column":25},"end":{"line":62,"column":null}},"24":{"start":{"line":67,"column":27},"end":{"line":67,"column":62}},"25":{"start":{"line":70,"column":14},"end":{"line":72,"column":null}},"26":{"start":{"line":80,"column":27},"end":{"line":80,"column":null}},"27":{"start":{"line":86,"column":29},"end":{"line":86,"column":null}},"28":{"start":{"line":95,"column":12},"end":{"line":95,"column":null}}},"fnMap":{"0":{"name":"ProductsPage","decl":{"start":{"line":5,"column":9},"end":{"line":5,"column":24}},"loc":{"start":{"line":5,"column":24},"end":{"line":99,"column":null}},"line":5},"1":{"name":"(anonymous_1)","decl":{"start":{"line":13,"column":2},"end":{"line":13,"column":18}},"loc":{"start":{"line":13,"column":18},"end":{"line":24,"column":7}},"line":13},"2":{"name":"(anonymous_2)","decl":{"start":{"line":14,"column":26},"end":{"line":14,"column":38}},"loc":{"start":{"line":14,"column":38},"end":{"line":19,"column":null}},"line":14},"3":{"name":"(anonymous_3)","decl":{"start":{"line":28,"column":24},"end":{"line":28,"column":29}},"loc":{"start":{"line":28,"column":40},"end":{"line":28,"column":57}},"line":28},"4":{"name":"(anonymous_4)","decl":{"start":{"line":31,"column":36},"end":{"line":31,"column":44}},"loc":{"start":{"line":31,"column":54},"end":{"line":51,"column":null}},"line":31},"5":{"name":"(anonymous_5)","decl":{"start":{"line":62,"column":9},"end":{"line":62,"column":20}},"loc":{"start":{"line":62,"column":25},"end":{"line":62,"column":null}},"line":62},"6":{"name":"(anonymous_6)","decl":{"start":{"line":67,"column":10},"end":{"line":67,"column":21}},"loc":{"start":{"line":67,"column":27},"end":{"line":67,"column":62}},"line":67},"7":{"name":"(anonymous_7)","decl":{"start":{"line":69,"column":24},"end":{"line":69,"column":29}},"loc":{"start":{"line":70,"column":14},"end":{"line":72,"column":null}},"line":70},"8":{"name":"(anonymous_8)","decl":{"start":{"line":80,"column":10},"end":{"line":80,"column":21}},"loc":{"start":{"line":80,"column":27},"end":{"line":80,"column":null}},"line":80},"9":{"name":"(anonymous_9)","decl":{"start":{"line":86,"column":12},"end":{"line":86,"column":23}},"loc":{"start":{"line":86,"column":29},"end":{"line":86,"column":null}},"line":86},"10":{"name":"(anonymous_10)","decl":{"start":{"line":94,"column":28},"end":{"line":94,"column":33}},"loc":{"start":{"line":95,"column":12},"end":{"line":95,"column":null}},"line":95}},"branchMap":{"0":{"loc":{"start":{"line":35,"column":6},"end":{"line":36,"column":55}},"type":"binary-expr","locations":[{"start":{"line":35,"column":6},"end":{"line":35,"column":47}},{"start":{"line":36,"column":6},"end":{"line":36,"column":55}}],"line":35},"1":{"loc":{"start":{"line":39,"column":6},"end":{"line":39,"column":null}},"type":"binary-expr","locations":[{"start":{"line":39,"column":6},"end":{"line":39,"column":35}},{"start":{"line":39,"column":35},"end":{"line":39,"column":null}}],"line":39},"2":{"loc":{"start":{"line":43,"column":28},"end":{"line":43,"column":72}},"type":"binary-expr","locations":[{"start":{"line":43,"column":28},"end":{"line":43,"column":47}},{"start":{"line":43,"column":47},"end":{"line":43,"column":72}}],"line":43},"3":{"loc":{"start":{"line":45,"column":29},"end":{"line":45,"column":73}},"type":"binary-expr","locations":[{"start":{"line":45,"column":29},"end":{"line":45,"column":48}},{"start":{"line":45,"column":48},"end":{"line":45,"column":73}}],"line":45},"4":{"loc":{"start":{"line":49,"column":11},"end":{"line":49,"column":null}},"type":"binary-expr","locations":[{"start":{"line":49,"column":11},"end":{"line":49,"column":28}},{"start":{"line":49,"column":28},"end":{"line":49,"column":47}},{"start":{"line":49,"column":47},"end":{"line":49,"column":66}},{"start":{"line":49,"column":66},"end":{"line":49,"column":null}}],"line":49},"5":{"loc":{"start":{"line":90,"column":7},"end":{"line":97,"column":null}},"type":"cond-expr","locations":[{"start":{"line":91,"column":8},"end":{"line":93,"column":9}},{"start":{"line":93,"column":8},"end":{"line":97,"column":null}}],"line":90}},"s":{"0":2,"1":2,"2":2,"3":2,"4":2,"5":2,"6":1,"7":1,"8":1,"9":1,"10":0,"11":1,"12":2,"13":2,"14":2,"15":2,"16":2,"17":2,"18":2,"19":2,"20":2,"21":2,"22":2,"23":0,"24":0,"25":4,"26":0,"27":0,"28":2},"f":{"0":2,"1":1,"2":1,"3":2,"4":2,"5":0,"6":0,"7":4,"8":0,"9":0,"10":2},"b":{"0":[2,0],"1":[2,0],"2":[2,0],"3":[2,0],"4":[2,2,2,2],"5":[1,1]},"meta":{"lastBranch":6,"lastFunction":11,"lastStatement":29,"seen":{"f:5:9:5:24":0,"s:6:19:6:46":0,"s:7:21:7:50":1,"s:8:27:8:65":2,"s:10:19:10:46":3,"s:11:19:11:46":4,"s:13:2:24:Infinity":5,"f:13:2:13:18":1,"s:14:26:19:Infinity":6,"f:14:26:14:38":2,"s:15:6:19:Infinity":7,"s:16:21:16:40":8,"s:17:8:17:Infinity":9,"s:19:8:19:Infinity":10,"s:23:4:23:Infinity":11,"s:26:21:28:Infinity":12,"f:28:24:28:29":3,"s:28:40:28:57":13,"s:31:27:51:Infinity":14,"f:31:36:31:44":4,"s:32:17:32:41":15,"s:35:6:36:55":16,"b:35:6:35:47:36:6:36:55":0,"s:39:6:39:Infinity":17,"b:39:6:39:35:39:35:39:Infinity":1,"s:41:18:41:39":18,"s:43:28:43:72":19,"b:43:28:43:47:43:47:43:72":2,"s:45:29:45:73":20,"b:45:29:45:48:45:48:45:73":3,"s:49:4:49:Infinity":21,"b:49:11:49:28:49:28:49:47:49:47:49:66:49:66:49:Infinity":4,"s:53:2:99:Infinity":22,"f:62:9:62:20":5,"s:62:25:62:Infinity":23,"f:67:10:67:21":6,"s:67:27:67:62":24,"f:69:24:69:29":7,"s:70:14:72:Infinity":25,"f:80:10:80:21":8,"s:80:27:80:Infinity":26,"f:86:12:86:23":9,"s:86:29:86:Infinity":27,"b:91:8:93:9:93:8:97:Infinity":5,"f:94:28:94:33":10,"s:95:12:95:Infinity":28},"fnNames":{}}}
,"C:\\Third year study material\\judaica-final-project\\client\\src\\styles\\orderConfirmation.css": {"path":"C:\\Third year study material\\judaica-final-project\\client\\src\\styles\\orderConfirmation.css","statementMap":{},"fnMap":{},"branchMap":{},"s":{},"f":{},"b":{},"meta":{"lastBranch":0,"lastFunction":0,"lastStatement":0,"seen":{},"fnNames":{}}}
}
